<?xml version="1.0" encoding="UTF-8"?>
<testng-results skipped="0" failed="0" total="1" passed="1">
  <reporter-output>
  </reporter-output>
  <suite name="Default suite" duration-ms="20158" started-at="2019-11-20T06:54:00Z" finished-at="2019-11-20T06:54:20Z">
    <groups>
    </groups>
    <test name="Default test" duration-ms="20158" started-at="2019-11-20T06:54:00Z" finished-at="2019-11-20T06:54:20Z">
      <class name="pageobjectmodel.testclasfactory">
        <test-method status="PASS" signature="f()[pri:0, instance:pageobjectmodel.testclasfactory@1888ff2c]" name="f" duration-ms="20136" started-at="2019-11-20T12:24:00Z" finished-at="2019-11-20T12:24:20Z">
          <reporter-output>
          </reporter-output>
        </test-method> <!-- f -->
      </class> <!-- pageobjectmodel.testclasfactory -->
    </test> <!-- Default test -->
  </suite> <!-- Default suite -->
</testng-results>
